{
    "lines": [
        {
            "line": "generic_guitar.mp3",
            "speaker": "",
            "emote": "",
            "keyword": "play",
            "time": 0.0
        },
        {
            "line": "The scene is set in McCree's room. It's rather sparsely furnished - except for a single framed photo, the walls are bare. The bed is neatly made, and the smooth metal desk McCree is seated at has only a couple papers resting on top of it.",
            "speaker": "",
            "emote": "",
            "keyword": "",
            "time": 1.0
        },
        {
            "line": "McCree is currently reading Mark Twain's Personal Recollections of Joan of Arc. Soft guitar emanates from the compact speaker nearby.",
            "speaker": "",
            "emote": "",
            "keyword": "",
            "time": 1.0
        },
        {
            "line": "A knock is heard on the door. McCree looks up, and puts down the book.",
            "speaker": "",
            "emote": "",
            "keyword": "",
            "time": 1.0
        },
        {
            "line": "Door's open.",
            "speaker": "McCree",
            "emote": "",
            "keyword": "",
            "time": 1.0
        },
        {
            "line": "He stands up as Lucio enters. Lucio looks uncomfortable.",
            "speaker": "",
            "emote": "",
            "keyword": "",
            "time": 1.0
        },
        {
            "line": "You wanted to see me?",
            "speaker": "Lucio",
            "emote": "",
            "keyword": "",
            "time": 1.0
        },
        {
            "line": "Look, I was thinkin' about last night.",
            "speaker": "McCree",
            "emote": "",
            "keyword": "",
            "time": 1.0
        },
        {
            "line": "I'm sorry.",
            "speaker": "Lucio",
            "emote": "Suddenly",
            "keyword": "",
            "time": 0.5
        },
        {
            "line": "What?",
            "speaker": "McCree",
            "emote": "",
            "keyword": "",
            "time": 1.0
        },
        {
            "line": "Lucio looks over at the wall to the right, avoiding eye contact.",
            "speaker": "",
            "emote": "",
            "keyword": "",
            "time": 1.0
        },
        {
            "line": "Look, I get it, all right? I shouldn't have just...",
            "speaker": "Lucio",
            "emote": "",
            "keyword": "",
            "time": 1.0
        },
        {
            "line": "He trails off.",
            "speaker": "",
            "emote": "",
            "keyword": "",
            "time": 1.0
        },
        {
            "line": "Tried to give me some sugar?",
            "speaker": "McCree",
            "emote": "Wryly",
            "keyword": "",
            "time": 1.0
        },
        {
            "line": "What?",
            "speaker": "Lucio",
            "emote": "Startled",
            "keyword": "",
            "time": 1.0
        },
        {
            "line": "McCree starts to smirk.",
            "speaker": "",
            "emote": "",
            "keyword": "",
            "time": 1.0
        },
        {
            "line": "Kiss me, I mean.",
            "speaker": "McCree",
            "emote": "",
            "keyword": "",
            "time": 1.0
        },
        {
            "line": "No! I mean yes! I mean, I shouldn't have assumed that you...",
            "speaker": "Lucio",
            "emote": "Blushing",
            "keyword": "",
            "time": 1.0
        },
        {
            "line": "He stops talking and looks awkwardly to the side.",
            "speaker": "",
            "emote": "",
            "keyword": "",
            "time": 1.0
        },
        {
            "line": "Assumed what?",
            "speaker": "McCree",
            "emote": "",
            "keyword": "",
            "time": 1.0
        },
        {
            "line": "I thought it was pretty obvious.",
            "speaker": "Lucio",
            "emote": "Perplexed",
            "keyword": "",
            "time": 1.0
        },
        {
            "line": "What was?",
            "speaker": "McCree",
            "emote": "Amused",
            "keyword": "",
            "time": 1.0
        },
        {
            "line": "He hits a button on the speaker next to him. The track changes.",
            "speaker": "",
            "emote": "",
            "keyword": "",
            "time": 1.0
        },
        {
            "line": "a_thousand_years.mp3",
            "speaker": "",
            "emote": "",
            "keyword": "play",
            "time": 1.0
        },
        {
            "line": "Hey, man. You don't have to be a dick about this. I thought you were interested. You aren't. You don't have to-",
            "speaker": "Lucio",
            "emote": "Irritated",
            "keyword": "",
            "time": 1.0
        },
        {
            "line": "Oh, I ain't? ",
            "speaker": "McCree",
            "emote": "",
            "keyword": "",
            "time": 0.5
        },
        {
            "line": "He's grinning. Lucio stops and stares at McCree ",
            "speaker": "",
            "emote": "",
            "keyword": "",
            "time": 0.75
        },
        {
            "line": "Wait. What do you-",
            "speaker": "Lucio",
            "emote": "",
            "keyword": "",
            "time": 1.0
        },
        {
            "line": "McCree bends over and pulls him into a kiss.",
            "speaker": "",
            "emote": "",
            "keyword": "",
            "time": 1.0
        },
        {
            "line": "It's quickly returned.",
            "speaker": "",
            "emote": "",
            "keyword": "",
            "time": 0.5
        },
        {
            "line": "The music on the radio continues to play. It's only until the first verse starts that it becomes evident the current track is Christina Perri's \"A Thousand Years\". When Lucio notices, his eyes snap open and he breaks out of the kiss.",
            "speaker": "",
            "emote": "",
            "keyword": "",
            "time": 2.0
        },
        {
            "line": "Lucio?",
            "speaker": "McCree",
            "emote": "Nervously",
            "keyword": "",
            "time": 1.0
        },
        {
            "line": "Jesse, did you *plan* this?",
            "speaker": "Lucio",
            "emote": "",
            "keyword": "",
            "time": 1.0
        },
        {
            "line": "McCree turns his head and pointedly does not answer. Lucio starts laughing.",
            "speaker": "",
            "emote": "",
            "keyword": "",
            "time": 1.0
        },
        {
            "line": "Haha, you're such a dork!",
            "speaker": "Lucio",
            "emote": "",
            "keyword": "",
            "time": 1.0
        },
        {
            "line": "He pauses for a bit, and listens to the song.",
            "speaker": "",
            "emote": "",
            "keyword": "",
            "time": 1.0
        },
        {
            "line": "He starts laughing again.",
            "speaker": "",
            "emote": "",
            "keyword": "",
            "time": 1.0
        },
        {
            "line": "And- and- *this* song? It's ancient! And it's pop!",
            "speaker": "Lucio",
            "emote": "",
            "keyword": "",
            "time": 1.0
        },
        {
            "line": "What'd you expect? *Country*?",
            "speaker": "McCree",
            "emote": "Grumpily",
            "keyword": "",
            "time": 1.0
        },
        {
            "line": "He spits the last word out with disdain.",
            "speaker": "",
            "emote": "",
            "keyword": "",
            "time": 0.5
        },
        {
            "line": "Lucio just laughs even harder. McCree crosses his arms and glares.",
            "speaker": "",
            "emote": "",
            "keyword": "",
            "time": 1.0
        },
        {
            "line": "You done? ",
            "speaker": "McCree",
            "emote": "",
            "keyword": "",
            "time": 1.5
        },
        {
            "line": "Sorry, man. Just assumed you'd be a Dylan guy, if anything.",
            "speaker": "Lucio",
            "emote": "",
            "keyword": "",
            "time": 1.0
        },
        {
            "line": "Lucio gradually works himself down to chuckling. When he finally stops, the two of them look at each other.",
            "speaker": "",
            "emote": "",
            "keyword": "",
            "time": 1.0
        },
        {
            "line": "They're both smiling. ",
            "speaker": "",
            "emote": "",
            "keyword": "",
            "time": 0.5
        },
        {
            "line": "So... you and me?",
            "speaker": "Lucio",
            "emote": "",
            "keyword": "",
            "time": 1.0
        },
        {
            "line": "For as long as you'll have me.",
            "speaker": "McCree",
            "emote": "Gently",
            "keyword": "",
            "time": 1.0
        },
        {
            "line": "Until we ride into the sunset, then.",
            "speaker": "Lucio",
            "emote": "Drawling",
            "keyword": "",
            "time": 1.0
        },
        {
            "line": "If that's the way you want it.",
            "speaker": "McCree",
            "emote": "",
            "keyword": "",
            "time": 1.0
        },
        {
            "line": "End.",
            "speaker": "",
            "emote": "",
            "keyword": "",
            "time": 1.0
        }
    ]
}